Oct 23, 2015 9:49:11 PM storage.FileEventHandler retrieveEventHandler
WARNING: C:\Users\RX.huang\git\main\database\Event\All_Events.txt (The system cannot find the file specified)
Oct 23, 2015 9:49:11 PM storage.FileProjectHandler readOverviewerFile
WARNING: C:\Users\RX.huang\git\main\database\Project\projectOverviewer.txt (The system cannot find the file specified)
Oct 23, 2015 9:49:11 PM storage.FileTodoHandler readUniversalTodoFile
WARNING: C:\Users\RX.huang\git\main\database\Todo\Floating_Todo.txt (The system cannot find the file specified)
Oct 23, 2015 9:49:11 PM storage.FileTodoHandler readTodoFile
WARNING: C:\Users\RX.huang\git\main\database\Todo\Normal_Todo.txt (The system cannot find the file specified)
Oct 23, 2015 9:49:11 PM storage.FileTodoHandler readUniversalTodoFile
WARNING: C:\Users\RX.huang\git\main\testFiles\Floating_Todo.txt (The system cannot find the file specified)
Oct 23, 2015 9:49:11 PM storage.FileTodoHandler readTodoFile
WARNING: C:\Users\RX.huang\git\main\testFiles\Normal_Todo.txt (The system cannot find the file specified)
Oct 23, 2015 9:49:11 PM storage.FileEventHandler retrieveEventHandler
WARNING: C:\Users\RX.huang\git\main\database\Event\All_Events.txt (The system cannot find the file specified)
Oct 23, 2015 9:49:11 PM storage.FileProjectHandler readOverviewerFile
WARNING: C:\Users\RX.huang\git\main\database\Project\projectOverviewer.txt (The system cannot find the file specified)
Oct 23, 2015 9:49:11 PM storage.FileTodoHandler readUniversalTodoFile
WARNING: C:\Users\RX.huang\git\main\database\Todo\Floating_Todo.txt (The system cannot find the file specified)
Oct 23, 2015 9:49:11 PM storage.FileTodoHandler readTodoFile
WARNING: C:\Users\RX.huang\git\main\database\Todo\Normal_Todo.txt (The system cannot find the file specified)
Oct 23, 2015 9:49:11 PM storage.FileEventHandler retrieveEventHandler
WARNING: C:\Users\RX.huang\git\main\database\Event\All_Events.txt (The system cannot find the file specified)
Oct 23, 2015 9:49:11 PM storage.FileProjectHandler readOverviewerFile
WARNING: C:\Users\RX.huang\git\main\database\Project\projectOverviewer.txt (The system cannot find the file specified)
Oct 23, 2015 9:49:11 PM storage.FileTodoHandler readUniversalTodoFile
WARNING: C:\Users\RX.huang\git\main\database\Todo\Floating_Todo.txt (The system cannot find the file specified)
Oct 23, 2015 9:49:11 PM storage.FileTodoHandler readTodoFile
WARNING: C:\Users\RX.huang\git\main\database\Todo\Normal_Todo.txt (The system cannot find the file specified)
Oct 23, 2015 9:49:11 PM storage.FileEventHandler retrieveEventHandler
WARNING: C:\Users\RX.huang\git\main\database\Event\All_Events.txt (The system cannot find the file specified)
Oct 23, 2015 9:49:11 PM storage.FileProjectHandler readOverviewerFile
WARNING: C:\Users\RX.huang\git\main\database\Project\projectOverviewer.txt (The system cannot find the file specified)
Oct 23, 2015 9:49:11 PM storage.FileTodoHandler readUniversalTodoFile
WARNING: C:\Users\RX.huang\git\main\database\Todo\Floating_Todo.txt (The system cannot find the file specified)
Oct 23, 2015 9:49:11 PM storage.FileTodoHandler readTodoFile
WARNING: C:\Users\RX.huang\git\main\database\Todo\Normal_Todo.txt (The system cannot find the file specified)
Oct 23, 2015 9:49:11 PM storage.FileEventHandler retrieveEventHandler
WARNING: C:\Users\RX.huang\git\main\database\Event\All_Events.txt (The system cannot find the file specified)
Oct 23, 2015 9:49:11 PM storage.FileProjectHandler readOverviewerFile
WARNING: C:\Users\RX.huang\git\main\database\Project\projectOverviewer.txt (The system cannot find the file specified)
Oct 23, 2015 9:49:11 PM storage.FileTodoHandler readUniversalTodoFile
WARNING: C:\Users\RX.huang\git\main\database\Todo\Floating_Todo.txt (The system cannot find the file specified)
Oct 23, 2015 9:49:11 PM storage.FileTodoHandler readTodoFile
WARNING: C:\Users\RX.huang\git\main\database\Todo\Normal_Todo.txt (The system cannot find the file specified)
Oct 23, 2015 9:49:11 PM storage.FileEventHandler retrieveEventHandler
WARNING: C:\Users\RX.huang\git\main\database\Event\All_Events.txt (The system cannot find the file specified)
Oct 23, 2015 9:49:11 PM storage.FileProjectHandler readOverviewerFile
WARNING: C:\Users\RX.huang\git\main\database\Project\projectOverviewer.txt (The system cannot find the file specified)
Oct 23, 2015 9:49:11 PM storage.FileTodoHandler readUniversalTodoFile
WARNING: C:\Users\RX.huang\git\main\database\Todo\Floating_Todo.txt (The system cannot find the file specified)
Oct 23, 2015 9:49:11 PM storage.FileTodoHandler readTodoFile
WARNING: C:\Users\RX.huang\git\main\database\Todo\Normal_Todo.txt (The system cannot find the file specified)
Oct 23, 2015 9:49:11 PM storage.FileEventHandler retrieveEventHandler
WARNING: C:\Users\RX.huang\git\main\database\Event\All_Events.txt (The system cannot find the file specified)
Oct 23, 2015 9:49:11 PM storage.FileProjectHandler readOverviewerFile
WARNING: C:\Users\RX.huang\git\main\database\Project\projectOverviewer.txt (The system cannot find the file specified)
Oct 23, 2015 9:49:11 PM storage.FileTodoHandler readUniversalTodoFile
WARNING: C:\Users\RX.huang\git\main\database\Todo\Floating_Todo.txt (The system cannot find the file specified)
Oct 23, 2015 9:49:11 PM storage.FileTodoHandler readTodoFile
WARNING: C:\Users\RX.huang\git\main\database\Todo\Normal_Todo.txt (The system cannot find the file specified)
Oct 23, 2015 9:49:11 PM storage.FileEventHandler retrieveEventHandler
WARNING: C:\Users\RX.huang\git\main\database\Event\All_Events.txt (The system cannot find the file specified)
Oct 23, 2015 9:49:11 PM storage.FileProjectHandler readOverviewerFile
WARNING: C:\Users\RX.huang\git\main\database\Project\projectOverviewer.txt (The system cannot find the file specified)
Oct 23, 2015 9:49:11 PM storage.FileTodoHandler readUniversalTodoFile
WARNING: C:\Users\RX.huang\git\main\database\Todo\Floating_Todo.txt (The system cannot find the file specified)
Oct 23, 2015 9:49:11 PM storage.FileTodoHandler readTodoFile
WARNING: C:\Users\RX.huang\git\main\database\Todo\Normal_Todo.txt (The system cannot find the file specified)
Oct 23, 2015 9:49:11 PM storage.FileEventHandler retrieveEventHandler
WARNING: C:\Users\RX.huang\git\main\database\Event\All_Events.txt (The system cannot find the file specified)
Oct 23, 2015 9:49:11 PM storage.FileProjectHandler readOverviewerFile
WARNING: C:\Users\RX.huang\git\main\database\Project\projectOverviewer.txt (The system cannot find the file specified)
Oct 23, 2015 9:49:11 PM storage.FileTodoHandler readUniversalTodoFile
WARNING: C:\Users\RX.huang\git\main\database\Todo\Floating_Todo.txt (The system cannot find the file specified)
Oct 23, 2015 9:49:11 PM storage.FileTodoHandler readTodoFile
WARNING: C:\Users\RX.huang\git\main\database\Todo\Normal_Todo.txt (The system cannot find the file specified)
Oct 23, 2015 9:49:11 PM storage.FileEventHandler retrieveEventHandler
WARNING: C:\Users\RX.huang\git\main\database\Event\All_Events.txt (The system cannot find the file specified)
Oct 23, 2015 9:49:11 PM storage.FileProjectHandler readOverviewerFile
WARNING: C:\Users\RX.huang\git\main\database\Project\projectOverviewer.txt (The system cannot find the file specified)
Oct 23, 2015 9:49:11 PM storage.FileTodoHandler readUniversalTodoFile
WARNING: C:\Users\RX.huang\git\main\database\Todo\Floating_Todo.txt (The system cannot find the file specified)
Oct 23, 2015 9:49:11 PM storage.FileTodoHandler readTodoFile
WARNING: C:\Users\RX.huang\git\main\database\Todo\Normal_Todo.txt (The system cannot find the file specified)
Oct 23, 2015 9:49:11 PM storage.FileEventHandler retrieveEventHandler
WARNING: C:\Users\RX.huang\git\main\database\Event\All_Events.txt (The system cannot find the file specified)
Oct 23, 2015 9:49:11 PM storage.FileProjectHandler readOverviewerFile
WARNING: C:\Users\RX.huang\git\main\database\Project\projectOverviewer.txt (The system cannot find the file specified)
Oct 23, 2015 9:49:11 PM storage.FileTodoHandler readUniversalTodoFile
WARNING: C:\Users\RX.huang\git\main\database\Todo\Floating_Todo.txt (The system cannot find the file specified)
Oct 23, 2015 9:49:11 PM storage.FileTodoHandler readTodoFile
WARNING: C:\Users\RX.huang\git\main\database\Todo\Normal_Todo.txt (The system cannot find the file specified)
Oct 23, 2015 9:49:11 PM storage.FileEventHandler retrieveEventHandler
WARNING: C:\Users\RX.huang\git\main\database\Event\All_Events.txt (The system cannot find the file specified)
Oct 23, 2015 9:49:11 PM storage.FileProjectHandler readOverviewerFile
WARNING: C:\Users\RX.huang\git\main\database\Project\projectOverviewer.txt (The system cannot find the file specified)
Oct 23, 2015 9:49:11 PM storage.FileTodoHandler readUniversalTodoFile
WARNING: C:\Users\RX.huang\git\main\database\Todo\Floating_Todo.txt (The system cannot find the file specified)
Oct 23, 2015 9:49:11 PM storage.FileTodoHandler readTodoFile
WARNING: C:\Users\RX.huang\git\main\database\Todo\Normal_Todo.txt (The system cannot find the file specified)
Oct 23, 2015 9:49:11 PM storage.FileEventHandler retrieveEventHandler
WARNING: C:\Users\RX.huang\git\main\database\Event\All_Events.txt (The system cannot find the file specified)
Oct 23, 2015 9:49:11 PM storage.FileProjectHandler readOverviewerFile
WARNING: C:\Users\RX.huang\git\main\database\Project\projectOverviewer.txt (The system cannot find the file specified)
Oct 23, 2015 9:49:11 PM storage.FileTodoHandler readUniversalTodoFile
WARNING: C:\Users\RX.huang\git\main\database\Todo\Floating_Todo.txt (The system cannot find the file specified)
Oct 23, 2015 9:49:11 PM storage.FileTodoHandler readTodoFile
WARNING: C:\Users\RX.huang\git\main\database\Todo\Normal_Todo.txt (The system cannot find the file specified)
Oct 23, 2015 9:49:11 PM storage.FileEventHandler retrieveEventHandler
WARNING: C:\Users\RX.huang\git\main\database\Event\All_Events.txt (The system cannot find the file specified)
Oct 23, 2015 9:49:11 PM storage.FileProjectHandler readOverviewerFile
WARNING: C:\Users\RX.huang\git\main\database\Project\projectOverviewer.txt (The system cannot find the file specified)
Oct 23, 2015 9:49:11 PM storage.FileTodoHandler readUniversalTodoFile
WARNING: C:\Users\RX.huang\git\main\database\Todo\Floating_Todo.txt (The system cannot find the file specified)
Oct 23, 2015 9:49:11 PM storage.FileTodoHandler readTodoFile
WARNING: C:\Users\RX.huang\git\main\database\Todo\Normal_Todo.txt (The system cannot find the file specified)
Oct 23, 2015 9:49:11 PM storage.FileEventHandler retrieveEventHandler
WARNING: C:\Users\RX.huang\git\main\database\Event\All_Events.txt (The system cannot find the file specified)
Oct 23, 2015 9:49:11 PM storage.FileProjectHandler readOverviewerFile
WARNING: C:\Users\RX.huang\git\main\database\Project\projectOverviewer.txt (The system cannot find the file specified)
Oct 23, 2015 9:49:11 PM storage.FileTodoHandler readUniversalTodoFile
WARNING: C:\Users\RX.huang\git\main\database\Todo\Floating_Todo.txt (The system cannot find the file specified)
Oct 23, 2015 9:49:11 PM storage.FileTodoHandler readTodoFile
WARNING: C:\Users\RX.huang\git\main\database\Todo\Normal_Todo.txt (The system cannot find the file specified)
Oct 23, 2015 9:49:11 PM storage.FileEventHandler retrieveEventHandler
WARNING: C:\Users\RX.huang\git\main\database\Event\All_Events.txt (The system cannot find the file specified)
Oct 23, 2015 9:49:11 PM storage.FileProjectHandler readOverviewerFile
WARNING: C:\Users\RX.huang\git\main\database\Project\projectOverviewer.txt (The system cannot find the file specified)
Oct 23, 2015 9:49:11 PM storage.FileTodoHandler readUniversalTodoFile
WARNING: C:\Users\RX.huang\git\main\database\Todo\Floating_Todo.txt (The system cannot find the file specified)
Oct 23, 2015 9:49:11 PM storage.FileTodoHandler readTodoFile
WARNING: C:\Users\RX.huang\git\main\database\Todo\Normal_Todo.txt (The system cannot find the file specified)
Oct 23, 2015 9:49:12 PM storage.FileProjectHandler readOverviewerFile
WARNING: C:\Users\RX.huang\git\main\testFiles\projectOverviewer.txt (The system cannot find the file specified)
Oct 23, 2015 9:49:12 PM storage.FileProjectHandler retrieveProject
WARNING: C:\Users\RX.huang\git\main\testFiles\non-existing project.txt (The system cannot find the file specified)
Oct 23, 2015 9:49:12 PM storage.FileProjectHandler retrieveProject
WARNING: C:\Users\RX.huang\git\main\alternateTestFiles\Project\non-existing project.txt (The system cannot find the file specified)
Oct 23, 2015 9:49:12 PM storage.FileEventHandler retrieveEventHandler
WARNING: C:\Users\RX.huang\git\main\database\Event\All_Events.txt (The system cannot find the file specified)
Oct 23, 2015 9:49:12 PM storage.FileProjectHandler readOverviewerFile
WARNING: C:\Users\RX.huang\git\main\database\Project\projectOverviewer.txt (The system cannot find the file specified)
Oct 23, 2015 9:49:12 PM storage.FileTodoHandler readUniversalTodoFile
WARNING: C:\Users\RX.huang\git\main\database\Todo\Floating_Todo.txt (The system cannot find the file specified)
Oct 23, 2015 9:49:12 PM storage.FileTodoHandler readTodoFile
WARNING: C:\Users\RX.huang\git\main\database\Todo\Normal_Todo.txt (The system cannot find the file specified)
Oct 23, 2015 9:49:12 PM storage.FileEventHandler retrieveEventHandler
WARNING: C:\Users\RX.huang\git\main\database\Event\All_Events.txt (The system cannot find the file specified)
Oct 23, 2015 9:49:12 PM storage.FileProjectHandler readOverviewerFile
WARNING: C:\Users\RX.huang\git\main\database\Project\projectOverviewer.txt (The system cannot find the file specified)
Oct 23, 2015 9:49:12 PM storage.FileTodoHandler readUniversalTodoFile
WARNING: C:\Users\RX.huang\git\main\database\Todo\Floating_Todo.txt (The system cannot find the file specified)
Oct 23, 2015 9:49:12 PM storage.FileTodoHandler readTodoFile
WARNING: C:\Users\RX.huang\git\main\database\Todo\Normal_Todo.txt (The system cannot find the file specified)
Oct 23, 2015 9:49:12 PM storage.FileEventHandler retrieveEventHandler
WARNING: C:\Users\RX.huang\git\main\database\Event\All_Events.txt (The system cannot find the file specified)
Oct 23, 2015 9:49:12 PM storage.FileProjectHandler readOverviewerFile
WARNING: C:\Users\RX.huang\git\main\database\Project\projectOverviewer.txt (The system cannot find the file specified)
Oct 23, 2015 9:49:12 PM storage.FileTodoHandler readUniversalTodoFile
WARNING: C:\Users\RX.huang\git\main\database\Todo\Floating_Todo.txt (The system cannot find the file specified)
Oct 23, 2015 9:49:12 PM storage.FileTodoHandler readTodoFile
WARNING: C:\Users\RX.huang\git\main\database\Todo\Normal_Todo.txt (The system cannot find the file specified)
Oct 23, 2015 9:49:12 PM storage.FileEventHandler retrieveEventHandler
WARNING: C:\Users\RX.huang\git\main\database\Event\All_Events.txt (The system cannot find the file specified)
Oct 23, 2015 9:49:12 PM storage.FileProjectHandler readOverviewerFile
WARNING: C:\Users\RX.huang\git\main\database\Project\projectOverviewer.txt (The system cannot find the file specified)
Oct 23, 2015 9:49:12 PM storage.FileTodoHandler readUniversalTodoFile
WARNING: C:\Users\RX.huang\git\main\database\Todo\Floating_Todo.txt (The system cannot find the file specified)
Oct 23, 2015 9:49:12 PM storage.FileTodoHandler readTodoFile
WARNING: C:\Users\RX.huang\git\main\database\Todo\Normal_Todo.txt (The system cannot find the file specified)
Oct 23, 2015 9:49:12 PM storage.FileEventHandler retrieveEventHandler
WARNING: C:\Users\RX.huang\git\main\database\Event\All_Events.txt (The system cannot find the file specified)
Oct 23, 2015 9:49:12 PM storage.FileProjectHandler readOverviewerFile
WARNING: C:\Users\RX.huang\git\main\database\Project\projectOverviewer.txt (The system cannot find the file specified)
Oct 23, 2015 9:49:12 PM storage.FileTodoHandler readUniversalTodoFile
WARNING: C:\Users\RX.huang\git\main\database\Todo\Floating_Todo.txt (The system cannot find the file specified)
Oct 23, 2015 9:49:12 PM storage.FileTodoHandler readTodoFile
WARNING: C:\Users\RX.huang\git\main\database\Todo\Normal_Todo.txt (The system cannot find the file specified)
Oct 23, 2015 9:49:12 PM storage.FileEventHandler retrieveEventHandler
WARNING: C:\Users\RX.huang\git\main\database\Event\All_Events.txt (The system cannot find the file specified)
Oct 23, 2015 9:49:12 PM storage.FileProjectHandler readOverviewerFile
WARNING: C:\Users\RX.huang\git\main\database\Project\projectOverviewer.txt (The system cannot find the file specified)
Oct 23, 2015 9:49:12 PM storage.FileTodoHandler readUniversalTodoFile
WARNING: C:\Users\RX.huang\git\main\database\Todo\Floating_Todo.txt (The system cannot find the file specified)
Oct 23, 2015 9:49:12 PM storage.FileTodoHandler readTodoFile
WARNING: C:\Users\RX.huang\git\main\database\Todo\Normal_Todo.txt (The system cannot find the file specified)
Oct 23, 2015 9:49:12 PM storage.FileEventHandler retrieveEventHandler
WARNING: C:\Users\RX.huang\git\main\database\Event\All_Events.txt (The system cannot find the file specified)
Oct 23, 2015 9:49:12 PM storage.FileProjectHandler readOverviewerFile
WARNING: C:\Users\RX.huang\git\main\database\Project\projectOverviewer.txt (The system cannot find the file specified)
Oct 23, 2015 9:49:12 PM storage.FileTodoHandler readUniversalTodoFile
WARNING: C:\Users\RX.huang\git\main\database\Todo\Floating_Todo.txt (The system cannot find the file specified)
Oct 23, 2015 9:49:12 PM storage.FileTodoHandler readTodoFile
WARNING: C:\Users\RX.huang\git\main\database\Todo\Normal_Todo.txt (The system cannot find the file specified)
Oct 23, 2015 9:49:12 PM storage.FileEventHandler retrieveEventHandler
WARNING: C:\Users\RX.huang\git\main\database\Event\All_Events.txt (The system cannot find the file specified)
Oct 23, 2015 9:49:12 PM storage.FileProjectHandler readOverviewerFile
WARNING: C:\Users\RX.huang\git\main\database\Project\projectOverviewer.txt (The system cannot find the file specified)
Oct 23, 2015 9:49:12 PM storage.FileTodoHandler readUniversalTodoFile
WARNING: C:\Users\RX.huang\git\main\database\Todo\Floating_Todo.txt (The system cannot find the file specified)
Oct 23, 2015 9:49:12 PM storage.FileTodoHandler readTodoFile
WARNING: C:\Users\RX.huang\git\main\database\Todo\Normal_Todo.txt (The system cannot find the file specified)
Oct 23, 2015 9:49:12 PM storage.FileEventHandler retrieveEventHandler
WARNING: C:\Users\RX.huang\git\main\database\Event\All_Events.txt (The system cannot find the file specified)
Oct 23, 2015 9:49:12 PM storage.FileProjectHandler readOverviewerFile
WARNING: C:\Users\RX.huang\git\main\database\Project\projectOverviewer.txt (The system cannot find the file specified)
Oct 23, 2015 9:49:12 PM storage.FileTodoHandler readUniversalTodoFile
WARNING: C:\Users\RX.huang\git\main\database\Todo\Floating_Todo.txt (The system cannot find the file specified)
Oct 23, 2015 9:49:12 PM storage.FileTodoHandler readTodoFile
WARNING: C:\Users\RX.huang\git\main\database\Todo\Normal_Todo.txt (The system cannot find the file specified)
Oct 23, 2015 9:49:12 PM storage.FileEventHandler retrieveEventHandler
WARNING: C:\Users\RX.huang\git\main\database\Event\All_Events.txt (The system cannot find the file specified)
Oct 23, 2015 9:49:12 PM storage.FileProjectHandler readOverviewerFile
WARNING: C:\Users\RX.huang\git\main\database\Project\projectOverviewer.txt (The system cannot find the file specified)
Oct 23, 2015 9:49:12 PM storage.FileTodoHandler readUniversalTodoFile
WARNING: C:\Users\RX.huang\git\main\database\Todo\Floating_Todo.txt (The system cannot find the file specified)
Oct 23, 2015 9:49:12 PM storage.FileTodoHandler readTodoFile
WARNING: C:\Users\RX.huang\git\main\database\Todo\Normal_Todo.txt (The system cannot find the file specified)
Oct 23, 2015 9:49:12 PM storage.FileEventHandler retrieveEventHandler
WARNING: C:\Users\RX.huang\git\main\database\Event\All_Events.txt (The system cannot find the file specified)
Oct 23, 2015 9:49:12 PM storage.FileProjectHandler readOverviewerFile
WARNING: C:\Users\RX.huang\git\main\database\Project\projectOverviewer.txt (The system cannot find the file specified)
Oct 23, 2015 9:49:12 PM storage.FileTodoHandler readUniversalTodoFile
WARNING: C:\Users\RX.huang\git\main\database\Todo\Floating_Todo.txt (The system cannot find the file specified)
Oct 23, 2015 9:49:12 PM storage.FileTodoHandler readTodoFile
WARNING: C:\Users\RX.huang\git\main\database\Todo\Normal_Todo.txt (The system cannot find the file specified)
Oct 23, 2015 9:49:12 PM storage.FileEventHandler retrieveEventHandler
WARNING: C:\Users\RX.huang\git\main\database\Event\All_Events.txt (The system cannot find the file specified)
Oct 23, 2015 9:49:12 PM storage.FileProjectHandler readOverviewerFile
WARNING: C:\Users\RX.huang\git\main\database\Project\projectOverviewer.txt (The system cannot find the file specified)
Oct 23, 2015 9:49:12 PM storage.FileTodoHandler readUniversalTodoFile
WARNING: C:\Users\RX.huang\git\main\database\Todo\Floating_Todo.txt (The system cannot find the file specified)
Oct 23, 2015 9:49:12 PM storage.FileTodoHandler readTodoFile
WARNING: C:\Users\RX.huang\git\main\database\Todo\Normal_Todo.txt (The system cannot find the file specified)
Oct 23, 2015 9:49:12 PM storage.FileEventHandler retrieveEventHandler
WARNING: C:\Users\RX.huang\git\main\database\Event\All_Events.txt (The system cannot find the file specified)
Oct 23, 2015 9:49:12 PM storage.FileProjectHandler readOverviewerFile
WARNING: C:\Users\RX.huang\git\main\database\Project\projectOverviewer.txt (The system cannot find the file specified)
Oct 23, 2015 9:49:12 PM storage.FileTodoHandler readUniversalTodoFile
WARNING: C:\Users\RX.huang\git\main\database\Todo\Floating_Todo.txt (The system cannot find the file specified)
Oct 23, 2015 9:49:12 PM storage.FileTodoHandler readTodoFile
WARNING: C:\Users\RX.huang\git\main\database\Todo\Normal_Todo.txt (The system cannot find the file specified)
Oct 23, 2015 9:49:12 PM storage.FileEventHandler retrieveEventHandler
WARNING: C:\Users\RX.huang\git\main\database\Event\All_Events.txt (The system cannot find the file specified)
Oct 23, 2015 9:49:12 PM storage.FileProjectHandler readOverviewerFile
WARNING: C:\Users\RX.huang\git\main\database\Project\projectOverviewer.txt (The system cannot find the file specified)
Oct 23, 2015 9:49:12 PM storage.FileTodoHandler readUniversalTodoFile
WARNING: C:\Users\RX.huang\git\main\database\Todo\Floating_Todo.txt (The system cannot find the file specified)
Oct 23, 2015 9:49:12 PM storage.FileTodoHandler readTodoFile
WARNING: C:\Users\RX.huang\git\main\database\Todo\Normal_Todo.txt (The system cannot find the file specified)
Oct 23, 2015 9:49:12 PM storage.FileEventHandler retrieveEventHandler
WARNING: C:\Users\RX.huang\git\main\database\Event\All_Events.txt (The system cannot find the file specified)
Oct 23, 2015 9:49:12 PM storage.FileProjectHandler readOverviewerFile
WARNING: C:\Users\RX.huang\git\main\database\Project\projectOverviewer.txt (The system cannot find the file specified)
Oct 23, 2015 9:49:12 PM storage.FileTodoHandler readUniversalTodoFile
WARNING: C:\Users\RX.huang\git\main\database\Todo\Floating_Todo.txt (The system cannot find the file specified)
Oct 23, 2015 9:49:12 PM storage.FileTodoHandler readTodoFile
WARNING: C:\Users\RX.huang\git\main\database\Todo\Normal_Todo.txt (The system cannot find the file specified)
Oct 23, 2015 9:49:12 PM storage.FileEventHandler retrieveEventHandler
WARNING: C:\Users\RX.huang\git\main\database\Event\All_Events.txt (The system cannot find the file specified)
Oct 23, 2015 9:49:12 PM storage.FileProjectHandler readOverviewerFile
WARNING: C:\Users\RX.huang\git\main\database\Project\projectOverviewer.txt (The system cannot find the file specified)
Oct 23, 2015 9:49:12 PM storage.FileTodoHandler readUniversalTodoFile
WARNING: C:\Users\RX.huang\git\main\database\Todo\Floating_Todo.txt (The system cannot find the file specified)
Oct 23, 2015 9:49:12 PM storage.FileTodoHandler readTodoFile
WARNING: C:\Users\RX.huang\git\main\database\Todo\Normal_Todo.txt (The system cannot find the file specified)
Oct 23, 2015 9:49:12 PM storage.FileEventHandler retrieveEventHandler
WARNING: C:\Users\RX.huang\git\main\testFiles\All_Events.txt (The system cannot find the file specified)
Oct 23, 2015 9:49:12 PM storage.FileEventHandler retrieveEventHandler
WARNING: C:\Users\RX.huang\git\main\alternateTestFiles\All_Events.txt (The system cannot find the file specified)
